Machine:
  NUMANode: Node#0(1GB)
    Die + L3Cache: Die#0 L3(8MB)
      L2Cache: L2(256kB)
        Core + L1Cache: Core#0 L1(32kB)
          SMTproc + VP: CPU#0 VP #0
          SMTproc + VP: CPU#4 VP #1
        Core + L1Cache: Core#1 L1(32kB)
          SMTproc + VP: CPU#2 VP #2
          SMTproc + VP: CPU#6 VP #3
      L2Cache: L2(256kB)
        Core + L1Cache: Core#0 L1(32kB)
          SMTproc + VP: CPU#1 VP #4
          SMTproc + VP: CPU#5 VP #5
        Core + L1Cache: Core#1 L1(32kB)
          SMTproc + VP: CPU#3 VP #6
          SMTproc + VP: CPU#7 VP #7
    Die + L3Cache: Die#1 L3(8MB)
      L2Cache: L2(256kB)
        Core + L1Cache: Core#0 L1(32kB)
          SMTproc + VP: CPU#8 VP #8
          SMTproc + VP: CPU#12 VP #9
        Core + L1Cache: Core#1 L1(32kB)
          SMTproc + VP: CPU#10 VP #10
          SMTproc + VP: CPU#14 VP #11
      L2Cache: L2(256kB)
        Core + L1Cache: Core#0 L1(32kB)
          SMTproc + VP: CPU#9 VP #12
          SMTproc + VP: CPU#13 VP #13
        Core + L1Cache: Core#1 L1(32kB)
          SMTproc + VP: CPU#11 VP #14
          SMTproc + VP: CPU#15 VP #15
  NUMANode: Node#1(1GB)
    Die + L3Cache: Die#2 L3(8MB)
      L2Cache: L2(256kB)
        Core + L1Cache: Core#0 L1(32kB)
          SMTproc + VP: CPU#16 VP #16
          SMTproc + VP: CPU#20 VP #17
        Core + L1Cache: Core#1 L1(32kB)
          SMTproc + VP: CPU#18 VP #18
          SMTproc + VP: CPU#22 VP #19
      L2Cache: L2(256kB)
        Core + L1Cache: Core#0 L1(32kB)
          SMTproc + VP: CPU#17 VP #20
          SMTproc + VP: CPU#21 VP #21
        Core + L1Cache: Core#1 L1(32kB)
          SMTproc + VP: CPU#19 VP #22
          SMTproc + VP: CPU#23 VP #23
    Die + L3Cache: Die#3 L3(8MB)
      L2Cache: L2(256kB)
        Core + L1Cache: Core#0 L1(32kB)
          SMTproc + VP: CPU#24 VP #24
          SMTproc + VP: CPU#28 VP #25
        Core + L1Cache: Core#1 L1(32kB)
          SMTproc + VP: CPU#26 VP #26
          SMTproc + VP: CPU#30 VP #27
      L2Cache: L2(256kB)
        Core + L1Cache: Core#0 L1(32kB)
          SMTproc + VP: CPU#25 VP #28
          SMTproc + VP: CPU#29 VP #29
        Core + L1Cache: Core#1 L1(32kB)
          SMTproc + VP: CPU#27 VP #30
          SMTproc + VP: CPU#31 VP #31
  NUMANode: Node#2(1GB)
    Die + L3Cache: Die#4 L3(8MB)
      L2Cache: L2(256kB)
        Core + L1Cache: Core#0 L1(32kB)
          SMTproc + VP: CPU#32 VP #32
          SMTproc + VP: CPU#36 VP #33
        Core + L1Cache: Core#1 L1(32kB)
          SMTproc + VP: CPU#34 VP #34
          SMTproc + VP: CPU#38 VP #35
      L2Cache: L2(256kB)
        Core + L1Cache: Core#0 L1(32kB)
          SMTproc + VP: CPU#33 VP #36
          SMTproc + VP: CPU#37 VP #37
        Core + L1Cache: Core#1 L1(32kB)
          SMTproc + VP: CPU#35 VP #38
          SMTproc + VP: CPU#39 VP #39
    Die + L3Cache: Die#5 L3(8MB)
      L2Cache: L2(256kB)
        Core + L1Cache: Core#0 L1(32kB)
          SMTproc + VP: CPU#40 VP #40
          SMTproc + VP: CPU#44 VP #41
        Core + L1Cache: Core#1 L1(32kB)
          SMTproc + VP: CPU#42 VP #42
          SMTproc + VP: CPU#46 VP #43
      L2Cache: L2(256kB)
        Core + L1Cache: Core#0 L1(32kB)
          SMTproc + VP: CPU#41 VP #44
          SMTproc + VP: CPU#45 VP #45
        Core + L1Cache: Core#1 L1(32kB)
          SMTproc + VP: CPU#43 VP #46
          SMTproc + VP: CPU#47 VP #47
  NUMANode: Node#3(1GB)
    Die + L3Cache: Die#6 L3(8MB)
      L2Cache: L2(256kB)
        Core + L1Cache: Core#0 L1(32kB)
          SMTproc + VP: CPU#48 VP #48
          SMTproc + VP: CPU#52 VP #49
        Core + L1Cache: Core#1 L1(32kB)
          SMTproc + VP: CPU#50 VP #50
          SMTproc + VP: CPU#54 VP #51
      L2Cache: L2(256kB)
        Core + L1Cache: Core#0 L1(32kB)
          SMTproc + VP: CPU#49 VP #52
          SMTproc + VP: CPU#53 VP #53
        Core + L1Cache: Core#1 L1(32kB)
          SMTproc + VP: CPU#51 VP #54
          SMTproc + VP: CPU#55 VP #55
    Die + L3Cache: Die#7 L3(8MB)
      L2Cache: L2(256kB)
        Core + L1Cache: Core#0 L1(32kB)
          SMTproc + VP: CPU#56 VP #56
          SMTproc + VP: CPU#60 VP #57
        Core + L1Cache: Core#1 L1(32kB)
          SMTproc + VP: CPU#58 VP #58
          SMTproc + VP: CPU#62 VP #59
      L2Cache: L2(256kB)
        Core + L1Cache: Core#0 L1(32kB)
          SMTproc + VP: CPU#57 VP #60
          SMTproc + VP: CPU#61 VP #61
        Core + L1Cache: Core#1 L1(32kB)
          SMTproc + VP: CPU#59 VP #62
          SMTproc + VP: CPU#63 VP #63
depth 0:	marcel type #0 (Machine)
depth 0:	marcel type #1 (Fake)
depth 0:	marcel type #2 (Misc)
 depth 1:	marcel type #3 (NUMANode)
  depth 2:	marcel type #4 (Die)
  depth 2:	marcel type #5 (L3Cache)
   depth 3:	marcel type #6 (L2Cache)
   depth 3:	marcel type #7 (Core)
    depth 4:	marcel type #8 (L1Cache)
     depth 5:	marcel type #9 (SMTproc)
     depth 5:	marcel type #10 (VP)
