Machine + Die + L3Cache: Die#1 L3(8MB)
  L2Cache + Core + L1Cache: L2(256kB) Core#0 L1(32kB)
    SMTproc + VP: CPU#0 VP #0
    SMTproc + VP: CPU#4 VP #1
  L2Cache + Core + L1Cache: L2(256kB) Core#1 L1(32kB)
    SMTproc + VP: CPU#1 VP #2
    SMTproc + VP: CPU#5 VP #3
  L2Cache + Core + L1Cache: L2(256kB) Core#2 L1(32kB)
    SMTproc + VP: CPU#2 VP #4
    SMTproc + VP: CPU#6 VP #5
  L2Cache + Core + L1Cache: L2(256kB) Core#3 L1(32kB)
    SMTproc + VP: CPU#3 VP #6
    SMTproc + VP: CPU#7 VP #7
depth 0:	marcel type #0 (Machine)
depth 0:	marcel type #1 (Fake)
depth 0:	marcel type #2 (Misc)
depth 0:	marcel type #3 (NUMANode)
depth 0:	marcel type #4 (Die)
depth 0:	marcel type #5 (L3Cache)
 depth 1:	marcel type #6 (L2Cache)
 depth 1:	marcel type #7 (Core)
 depth 1:	marcel type #8 (L1Cache)
  depth 2:	marcel type #9 (SMTproc)
  depth 2:	marcel type #10 (VP)
