Machine:
  NUMANode: Node#0(16554432kB)
    Die: Die#0
      L3Cache + L2Cache + Core + L1Cache + SMTproc + VP: L3(9MB) L2(256kB) Core#0 L1(16kB) CPU#0 VP #0
      L3Cache + L2Cache + Core + L1Cache + SMTproc + VP: L3(9MB) L2(256kB) Core#1 L1(16kB) CPU#2 VP #1
    Die: Die#196611
      L3Cache + L2Cache + Core + L1Cache + SMTproc + VP: L3(9MB) L2(256kB) Core#0 L1(16kB) CPU#1 VP #2
      L3Cache + L2Cache + Core + L1Cache + SMTproc + VP: L3(9MB) L2(256kB) Core#1 L1(16kB) CPU#3 VP #3
  NUMANode: Node#1(16GB)
    Die: Die#256
      L3Cache + L2Cache + Core + L1Cache + SMTproc + VP: L3(9MB) L2(256kB) Core#0 L1(16kB) CPU#4 VP #4
      L3Cache + L2Cache + Core + L1Cache + SMTproc + VP: L3(9MB) L2(256kB) Core#1 L1(16kB) CPU#6 VP #5
    Die: Die#196867
      L3Cache + L2Cache + Core + L1Cache + SMTproc + VP: L3(9MB) L2(256kB) Core#0 L1(16kB) CPU#5 VP #6
      L3Cache + L2Cache + Core + L1Cache + SMTproc + VP: L3(9MB) L2(256kB) Core#1 L1(16kB) CPU#7 VP #7
depth 0:	marcel type #0 (Machine)
depth 0:	marcel type #1 (Fake)
depth 0:	marcel type #2 (Misc)
 depth 1:	marcel type #3 (NUMANode)
  depth 2:	marcel type #4 (Die)
   depth 3:	marcel type #5 (L3Cache)
   depth 3:	marcel type #6 (L2Cache)
   depth 3:	marcel type #7 (Core)
   depth 3:	marcel type #8 (L1Cache)
   depth 3:	marcel type #9 (SMTproc)
   depth 3:	marcel type #10 (VP)
