[1] Contig data successfully received
[1] Contig data successfully received
[1] Contig data successfully received
[1] Contig data successfully received
[1] Contig data successfully received
[1] Contig data successfully received
[1] hindexed successfully received
[1] hindexed successfully received
[1] hvector successfully received
[1] hvector successfully received
[1] indexed successfully received
[1] indexed successfully received
[1] Struct indexed successfully received
[1] Struct indexed successfully received
[1] Struct successfully received
[1] Struct successfully received
[1] Vector successfully received
[1] Vector successfully received
[3] Contig data successfully received
[3] Contig data successfully received
[3] Contig data successfully received
[3] Contig data successfully received
[3] Contig data successfully received
[3] Contig data successfully received
[3] hindexed successfully received
[3] hindexed successfully received
[3] hvector successfully received
[3] hvector successfully received
[3] indexed successfully received
[3] indexed successfully received
[3] Struct indexed successfully received
[3] Struct indexed successfully received
[3] Struct successfully received
[3] Struct successfully received
[3] Vector successfully received
[3] Vector successfully received
