len = 1
  checking data.
ok
  checking data.
ok
  checking data.
ok
  checking data.
ok
len = 2
  checking data.
ok
  checking data.
ok
len = 4
  checking data.
ok
  checking data.
ok
  checking data.
ok
  checking data.
ok
  checking data.
ok
  checking data.
ok
len = 8
  checking data.
ok
  checking data.
ok
  checking data.
ok
  checking data.
ok
len = 16
  checking data.
ok
  checking data.
ok
len = 32
  checking data.
ok
  checking data.
ok
  checking data.
ok
  checking data.
ok
  checking data.
ok
  checking data.
ok
  checking data.
ok
  checking data.
ok
  checking data.
ok
len = 64
  checking data.
ok
len = 128
  checking data.
ok
  checking data.
ok
  checking data.
ok
  checking data.
ok
len = 256
  checking data.
ok
  checking data.
ok
  checking data.
ok
  checking data.
ok
  checking data.
ok
len = 512
  checking data.
ok
len = 1024
  checking data.
ok
  checking data.
ok
  checking data.
ok
  checking data.
ok
len = 2048
  checking data.
ok
  checking data.
ok
  checking data.
  checking data.
ok
ok
len = 4096
  checking data.
ok
  checking data.
ok
  checking data.
  checking data.
  checking data.
ok
  checking data.
ok
ok
len = 8192
ok
  checking data.
  checking data.
  checking data.
  checking data.
ok
ok
ok
ok
len = 16384
  checking data.
  checking data.
  checking data.
  checking data.
ok
ok
ok
ok
len = 32768
  checking data.
  checking data.
  checking data.
  checking data.
ok
ok
ok
ok
len = 65536
  checking data.
  checking data.
  checking data.
  checking data.
ok
ok
ok
ok
len = 131072
  checking data.
  checking data.
  checking data.
  checking data.
ok
ok
ok
ok
len = 262144
  checking data.
  checking data.
  checking data.
  checking data.
ok
ok
ok
ok
len = 524288
  checking data.
  checking data.
  checking data.
  checking data.
ok
ok
ok
ok
  checking data.
ok
  checking data.
ok
  checking data.
ok
  checking data.
ok
  checking data.
ok
  checking data.
ok
  checking data.
ok
  checking data.
ok
  checking data.
ok
  checking data.
ok
  checking data.
ok
  checking data.
ok
  checking data.
ok
  checking data.
ok
  checking data.
ok
  checking data.
ok
  checking data.
ok
  checking data.
ok
  checking data.
ok
  checking data.
ok
  checking data.
ok
  checking data.
ok
  checking data.
ok
  checking data.
ok
  checking data.
ok
  checking data.
ok
  checking data.
ok
  checking data.
ok
  checking data.
ok
  checking data.
ok
  checking data.
ok
  checking data.
ok
  checking data.
ok
  checking data.
ok
  checking data.
ok
  checking data.
ok
  checking data.
ok
  checking data.
ok
  checking data.
ok
  checking data.
ok
  checking data.
ok
  checking data.
ok
  checking data.
ok
  checking data.
ok
  checking data.
ok
  checking data.
ok
  checking data.
ok
  checking data.
ok
  checking data.
ok
  checking data.
ok
  checking data.
ok
  checking data.
ok
  checking data.
ok
  checking data.
ok
  checking data.
ok
  checking data.
ok
  checking data.
ok
  checking data.
ok
  checking data.
ok
  checking data.
ok
  checking data.
ok
  checking data.
ok
  checking data.
ok
  checking data.
ok
  checking data.
ok
  checking data.
ok
  checking data.
ok
  checking data.
ok
  checking data.
ok
  checking data.
ok
  checking data.
ok
  checking data.
ok
  checking data.
ok
  checking data.
ok
  checking data.
ok
  checking data.
ok
  checking data.
ok
  checking data.
ok
  checking data.
ok
  checking data.
ok
